  Adv.cpp
C:\Users\take\source\repos\OpenGL_String_Prac\defineStruct.h(39,1): warning C4305: '=': 'double' から 'GLfloat' へ切り詰めます。
C:\Users\take\source\repos\OpenGL_String_Prac\defineStruct.h(44,1): warning C4305: '=': 'double' から 'GLfloat' へ切り詰めます。
C:\Users\take\source\repos\OpenGL_String_Prac\defineStruct.h(49,1): warning C4305: '=': 'double' から 'GLfloat' へ切り詰めます。
C:\Users\take\source\repos\OpenGL_String_Prac\defineStruct.h(54,1): warning C4305: '=': 'double' から 'GLfloat' へ切り詰めます。
C:\Users\take\source\repos\OpenGL_String_Prac\Adv.cpp(178,42): warning C4244: '=': 'GLdouble' から 'GLfloat' への変換です。データが失われる可能性があります。
C:\Users\take\source\repos\OpenGL_String_Prac\Adv.cpp(179,42): warning C4244: '=': 'GLdouble' から 'GLfloat' への変換です。データが失われる可能性があります。
  Frame.cpp
  GameSceneClass.cpp
C:\Users\take\source\repos\OpenGL_String_Prac\defineStruct.h(39,1): warning C4305: '=': 'double' から 'GLfloat' へ切り詰めます。
C:\Users\take\source\repos\OpenGL_String_Prac\defineStruct.h(44,1): warning C4305: '=': 'double' から 'GLfloat' へ切り詰めます。
C:\Users\take\source\repos\OpenGL_String_Prac\defineStruct.h(49,1): warning C4305: '=': 'double' から 'GLfloat' へ切り詰めます。
C:\Users\take\source\repos\OpenGL_String_Prac\defineStruct.h(54,1): warning C4305: '=': 'double' から 'GLfloat' へ切り詰めます。
  main.cpp
C:\Users\take\source\repos\OpenGL_String_Prac\defineStruct.h(39,1): warning C4305: '=': 'double' から 'GLfloat' へ切り詰めます。
C:\Users\take\source\repos\OpenGL_String_Prac\defineStruct.h(44,1): warning C4305: '=': 'double' から 'GLfloat' へ切り詰めます。
C:\Users\take\source\repos\OpenGL_String_Prac\defineStruct.h(49,1): warning C4305: '=': 'double' から 'GLfloat' へ切り詰めます。
C:\Users\take\source\repos\OpenGL_String_Prac\defineStruct.h(54,1): warning C4305: '=': 'double' から 'GLfloat' へ切り詰めます。
  MultipleSquare.cpp
C:\Users\take\source\repos\OpenGL_String_Prac\defineStruct.h(39,1): warning C4305: '=': 'double' から 'GLfloat' へ切り詰めます。
C:\Users\take\source\repos\OpenGL_String_Prac\defineStruct.h(44,1): warning C4305: '=': 'double' から 'GLfloat' へ切り詰めます。
C:\Users\take\source\repos\OpenGL_String_Prac\defineStruct.h(49,1): warning C4305: '=': 'double' から 'GLfloat' へ切り詰めます。
C:\Users\take\source\repos\OpenGL_String_Prac\defineStruct.h(54,1): warning C4305: '=': 'double' から 'GLfloat' へ切り詰めます。
C:\Users\take\source\repos\OpenGL_String_Prac\MultipleSquare.cpp(11,16): warning C4244: '初期化中': 'GLdouble' から 'GLfloat' への変換です。データが失われる可能性があります。
  shaderLoadFuncs.cpp
  SquareShape.cpp
C:\Users\take\source\repos\OpenGL_String_Prac\defineStruct.h(39,1): warning C4305: '=': 'double' から 'GLfloat' へ切り詰めます。
C:\Users\take\source\repos\OpenGL_String_Prac\defineStruct.h(44,1): warning C4305: '=': 'double' から 'GLfloat' へ切り詰めます。
C:\Users\take\source\repos\OpenGL_String_Prac\defineStruct.h(49,1): warning C4305: '=': 'double' から 'GLfloat' へ切り詰めます。
C:\Users\take\source\repos\OpenGL_String_Prac\defineStruct.h(54,1): warning C4305: '=': 'double' から 'GLfloat' へ切り詰めます。
C:\Users\take\source\repos\OpenGL_String_Prac\SquareShape.cpp(115,26): warning C4244: '=': 'double' から 'GLfloat' への変換です。データが失われる可能性があります。
C:\Users\take\source\repos\OpenGL_String_Prac\SquareShape.cpp(116,26): warning C4244: '=': 'double' から 'GLfloat' への変換です。データが失われる可能性があります。
C:\Users\take\source\repos\OpenGL_String_Prac\SquareShape.cpp(117,26): warning C4244: '=': 'double' から 'GLfloat' への変換です。データが失われる可能性があります。
C:\Users\take\source\repos\OpenGL_String_Prac\SquareShape.cpp(118,26): warning C4244: '=': 'double' から 'GLfloat' への変換です。データが失われる可能性があります。
  StartScene.cpp
C:\Users\take\source\repos\OpenGL_String_Prac\defineStruct.h(39,1): warning C4305: '=': 'double' から 'GLfloat' へ切り詰めます。
C:\Users\take\source\repos\OpenGL_String_Prac\defineStruct.h(44,1): warning C4305: '=': 'double' から 'GLfloat' へ切り詰めます。
C:\Users\take\source\repos\OpenGL_String_Prac\defineStruct.h(49,1): warning C4305: '=': 'double' から 'GLfloat' へ切り詰めます。
C:\Users\take\source\repos\OpenGL_String_Prac\defineStruct.h(54,1): warning C4305: '=': 'double' から 'GLfloat' へ切り詰めます。
C:\Users\take\source\repos\OpenGL_String_Prac\StartScene.cpp(20,38): warning C4305: '引数': 'double' から 'GLfloat' へ切り詰めます。
C:\Users\take\source\repos\OpenGL_String_Prac\StartScene.cpp(34,59): warning C4305: '初期化中': 'double' から 'GLfloat' へ切り詰めます。
C:\Users\take\source\repos\OpenGL_String_Prac\StartScene.cpp(44,32): warning C4244: '=': 'double' から 'GLfloat' への変換です。データが失われる可能性があります。
  Texture.cpp
C:\Users\take\source\repos\OpenGL_String_Prac\Texture.cpp(29,60): warning C4244: '引数': 'GLfloat' から 'GLsizei' への変換です。データが失われる可能性があります。
C:\Users\take\source\repos\OpenGL_String_Prac\Texture.cpp(29,53): warning C4244: '引数': 'GLfloat' から 'GLsizei' への変換です。データが失われる可能性があります。
C:\Users\take\source\repos\OpenGL_String_Prac\Texture.cpp(31,59): warning C4244: '引数': 'GLfloat' から 'GLsizei' への変換です。データが失われる可能性があります。
C:\Users\take\source\repos\OpenGL_String_Prac\Texture.cpp(31,52): warning C4244: '引数': 'GLfloat' から 'GLsizei' への変換です。データが失われる可能性があります。
  WindowClass.cpp
LINK : warning LNK4098: defaultlib 'MSVCRTD' は他のライブラリの使用と競合しています。/NODEFAULTLIB:library を使用してください。
  コード生成しています。
  Previous IPDB not found, fall back to full compilation.
  All 311 functions were compiled because no usable IPDB/IOBJ from previous compilation was found.
  コード生成が終了しました。
  OpenGL_String_Prac.vcxproj -> C:\Users\take\source\repos\OpenGL_String_Prac\x64\Release\OpenGL_String_Prac.exe
